{ Using PSTWRITER 16.6.0 d001Mar-24-2015 at 22:10:36 }

#1 WARNING(ORCAP-36038): "No_connect" property on Pin "CN4.10" ignored for CN4: Schematic 1, P11_Programming_Interface (5.10, 0.30). Connecting pin to net "N74387".
#2 WARNING(ORCAP-36006): Part Name "CR1220HOLDER_CR1220_CR1220HOLDER" is renamed to "CR1220HOLDER_CR1220_CR1220HOLDE".
#3 WARNING(ORCAP-36006): Part Name "CAPACITOR NON-POL_0805RF_WV_12D_22P" is renamed to "CAPACITOR NON-POL_0805RF_WV_12D".
#4 WARNING(ORCAP-36006): Part Name "CAPACITOR NON-POL_0805RF_WV_12D_0.1UF" is renamed to "CAPACITOR NON-POL_0805RF_WV_1_1".
#5 WARNING(ORCAP-36006): Part Name "CAPACITOR NON-POL_0805RF_WV_12D_10UF" is renamed to "CAPACITOR NON-POL_0805RF_WV_1_2".
#6 WARNING(ORCAP-36006): Part Name "CAPACITOR NON-POL_0805RF_WV_12D_100N" is renamed to "CAPACITOR NON-POL_0805RF_WV_1_3".
#7 WARNING(ORCAP-36006): Part Name "CAPACITOR NON-POL_0805RF_WV_12D_0.1U" is renamed to "CAPACITOR NON-POL_0805RF_WV_1_4".
#8 WARNING(ORCAP-36006): Part Name "CAPACITOR NON-POL_0805RF_WV_12D_1U" is renamed to "CAPACITOR NON-POL_0805RF_WV_1_5".
#9 WARNING(ORCAP-36006): Part Name "CONN PLUG 3_DC_JACK_DC21MMX_POWERSUPPLY" is renamed to "CONN PLUG 3_DC_JACK_DC21MMX_POW".
#10 WARNING(ORCAP-36006): Part Name "DIODE_0805RF_WV_12D_CD1206-S01575" is renamed to "DIODE_0805RF_WV_12D_CD1206-S015".
#11 WARNING(ORCAP-36006): Part Name "HEADER 2X2/SM_2X2CON_HEADER 2X2/SM" is renamed to "HEADER 2X2/SM_2X2CON_HEADER 2X2".
#12 WARNING(ORCAP-36006): Part Name "HEADER 3X2/SM_ISCP_HEADER 3X2/SM" is renamed to "HEADER 3X2/SM_ISCP_HEADER 3X2/S".
#13 WARNING(ORCAP-36006): Part Name "VARISTOR_0603RF_WV_12D_CG0603MLC-05E" is renamed to "VARISTOR_0603RF_WV_12D_CG0603ML".
#14 WARNING(ORCAP-36006): Part Name "SW PUSHBUTTON-SPST-2/SM_SMDPB_SW PUSHBUTTON-SPST-2/SM" is renamed to "SW PUSHBUTTON-SPST-2/SM_SMDPB_S".
#15 WARNING(ORCAP-36006): Part Name "ATMEGA2560-TQFP_1_MEGA2560_ATMEGA2560-TQFP" is renamed to "ATMEGA2560-TQFP_1_MEGA2560_ATME".
#16 WARNING(ORCAP-36006): Part Name " MIC5225-3.3YM5_DBV0005A_M_ MIC5225-3.3YM5" is renamed to "MIC5225-3.3YM5_DBV0005A_M_ MIC".
#17 WARNING(ORCAP-36006): Part Name "ESP8266_0_ESP8266_MODULE_ESP8266" is renamed to "ESP8266_0_ESP8266_MODULE_ESP826".
#18 WARNING(ORCAP-36006): Part Name "NCP1117ST50_0_DCY4_NCP1117ST50T3G" is renamed to "NCP1117ST50_0_DCY4_NCP1117ST50T".
#19 WARNING(ORCAP-36006): Part Name "ATMEGA16U2-TQFP_1_ATMEGA16U2_ATMEGA16U2-TQFP" is renamed to "ATMEGA16U2-TQFP_1_ATMEGA16U2_AT".
#20 WARNING(ORCAP-36006): Part Name "OSC6/SM_CSTCE16M0V53_CSTCE16M0V53-R0 16MHZ" is renamed to "OSC6/SM_CSTCE16M0V53_CSTCE16M0V".
INFO(ORCAP-36080): Scanning netlist files ...

Loading... C:\USERS\MADISON\DESKTOP\MEGAHEATV2-FFFD37A566992C5BFDDE254FE52BC62AC9290F2C/pstchip.dat

Loading... C:\USERS\MADISON\DESKTOP\MEGAHEATV2-FFFD37A566992C5BFDDE254FE52BC62AC9290F2C/pstchip.dat

Loading... C:\USERS\MADISON\DESKTOP\MEGAHEATV2-FFFD37A566992C5BFDDE254FE52BC62AC9290F2C/pstxprt.dat

Loading... C:\USERS\MADISON\DESKTOP\MEGAHEATV2-FFFD37A566992C5BFDDE254FE52BC62AC9290F2C/pstxnet.dat
packaging the design view...