(---------------------------------------------------------------------)
(                                                                     )
(    Allegro Netrev Import Logic                                      )
(                                                                     )
(    Drawing          : megaHeatv2.brd                                )
(    Software Version : 16.6P004                                      )
(    Date/Time        : Tue Mar 24 22:10:46 2015                      )
(                                                                     )
(---------------------------------------------------------------------)


------ Directives ------

RIPUP_ETCH FALSE;
RIPUP_DELETE_FIRST_SEGMENT FALSE;
RIPUP_RETAIN_BONDWIRE FALSE;
RIPUP_SYMBOLS IFSAME;
Missing symbol has error FALSE;
SCHEMATIC_DIRECTORY 'C:\USERS\MADISON\DESKTOP\MEGAHEATV2-FFFD37A566992C5BFDDE254FE52BC62AC9290F2C';
BOARD_DIRECTORY '';
OLD_BOARD_NAME 'C:/Users/Madison/Desktop/MegaHeatv2-fffd37a566992c5bfdde254fe52bc62ac9290f2c/megaHeatv2.brd';
NEW_BOARD_NAME 'C:/Users/Madison/Desktop/MegaHeatv2-fffd37a566992c5bfdde254fe52bc62ac9290f2c/megaHeatv2.brd';

CmdLine: netrev -$ -i C:\USERS\MADISON\DESKTOP\MEGAHEATV2-FFFD37A566992C5BFDDE254FE52BC62AC9290F2C -y 2 C:/Users/Madison/Desktop/MegaHeatv2-fffd37a566992c5bfdde254fe52bc62ac9290f2c/#Taaaaad05700.tmp

------ Preparing to read pst files ------

Starting to read C:/USERS/MADISON/DESKTOP/MEGAHEATV2-FFFD37A566992C5BFDDE254FE52BC62AC9290F2C/pstchip.dat 
   Finished reading C:/USERS/MADISON/DESKTOP/MEGAHEATV2-FFFD37A566992C5BFDDE254FE52BC62AC9290F2C/pstchip.dat (00:00:00.04)
Starting to read C:/USERS/MADISON/DESKTOP/MEGAHEATV2-FFFD37A566992C5BFDDE254FE52BC62AC9290F2C/pstxprt.dat 
   Finished reading C:/USERS/MADISON/DESKTOP/MEGAHEATV2-FFFD37A566992C5BFDDE254FE52BC62AC9290F2C/pstxprt.dat (00:00:00.00)
Starting to read C:/USERS/MADISON/DESKTOP/MEGAHEATV2-FFFD37A566992C5BFDDE254FE52BC62AC9290F2C/pstxnet.dat 
   Finished reading C:/USERS/MADISON/DESKTOP/MEGAHEATV2-FFFD37A566992C5BFDDE254FE52BC62AC9290F2C/pstxnet.dat (00:00:00.00)

------ Oversights/Warnings/Errors ------


------ Library Paths ------
MODULEPATH =  . 
           C:/Cadence/SPB_16.6/share/local/pcb/modules 

PSMPATH =  . 
           symbols 
           .. 
           ../symbols 
           C:/Cadence/SPB_16.6/share/local/pcb/symbols 
           C:/Cadence/SPB_16.6/share/pcb/pcb_lib/symbols 
           C:/Cadence/SPB_16.6/share/pcb/allegrolib/symbols 

PADPATH =  . 
           symbols 
           .. 
           ../symbols 
           C:/Cadence/SPB_16.6/share/local/pcb/padstacks 
           C:/Cadence/SPB_16.6/share/pcb/pcb_lib/symbols 
           C:/Cadence/SPB_16.6/share/pcb/allegrolib/symbols 


------ Summary Statistics ------


netrev run on Mar 24 22:10:46 2015
   DESIGN NAME : 'MEGAHEATV2'
   PACKAGING ON Sep 10 2012 04:46:09

   COMPILE 'logic'
   CHECK_PIN_NAMES OFF
   CROSS_REFERENCE OFF
   FEEDBACK OFF
   INCREMENTAL OFF
   INTERFACE_TYPE PHYSICAL
   MAX_ERRORS 500
   MERGE_MINIMUM 5
   NET_NAME_CHARS '#%&()*+-./:=>?@[]^_`|'
   NET_NAME_LENGTH 24
   OVERSIGHTS ON
   REPLACE_CHECK OFF
   SINGLE_NODE_NETS ON
   SPLIT_MINIMUM 0
   SUPPRESS   20
   WARNINGS ON

 No error detected
 No oversight detected
 No warning detected

cpu time      0:00:39
elapsed time  0:00:00

