(---------------------------------------------------------------------)
(                                                                     )
(    Allegro Netrev Import Logic                                      )
(                                                                     )
(    Drawing          : MEGAHEATV2.brd                                )
(    Software Version : 16.6P004                                      )
(    Date/Time        : Mon Mar 23 22:48:52 2015                      )
(                                                                     )
(---------------------------------------------------------------------)


------ Directives ------

RIPUP_ETCH FALSE;
RIPUP_DELETE_FIRST_SEGMENT FALSE;
RIPUP_RETAIN_BONDWIRE FALSE;
RIPUP_SYMBOLS ALWAYS;
Missing symbol has error FALSE;
SCHEMATIC_DIRECTORY 'C:\USERS\MADISON\DESKTOP\MEGAHEATV2-FFFD37A566992C5BFDDE254FE52BC62AC9290F2C\allegro';
BOARD_DIRECTORY '';
OLD_BOARD_NAME 'C:/USERS/MADISON/DESKTOP/MEGAHEATV2-FFFD37A566992C5BFDDE254FE52BC62AC9290F2C/allegro/MEGAHEATV2.brd';
NEW_BOARD_NAME 'C:/USERS/MADISON/DESKTOP/MEGAHEATV2-FFFD37A566992C5BFDDE254FE52BC62AC9290F2C/allegro/MEGAHEATV2.brd';

CmdLine: netrev.exe -y 1 -n -i C:\USERS\MADISON\DESKTOP\MEGAHEATV2-FFFD37A566992C5BFDDE254FE52BC62AC9290F2C\allegro C:\USERS\MADISON\DESKTOP\MEGAHEATV2-FFFD37A566992C5BFDDE254FE52BC62AC9290F2C\allegro\MEGAHEATV2.brd C:\USERS\MADISON\DESKTOP\MEGAHEATV2-FFFD37A566992C5BFDDE254FE52BC62AC9290F2C\allegro\MEGAHEATV2.brd

------ Preparing to read pst files ------

Starting to read C:/USERS/MADISON/DESKTOP/MEGAHEATV2-FFFD37A566992C5BFDDE254FE52BC62AC9290F2C/allegro/pstchip.dat 
   Finished reading C:/USERS/MADISON/DESKTOP/MEGAHEATV2-FFFD37A566992C5BFDDE254FE52BC62AC9290F2C/allegro/pstchip.dat (00:00:00.04)
Starting to read C:/USERS/MADISON/DESKTOP/MEGAHEATV2-FFFD37A566992C5BFDDE254FE52BC62AC9290F2C/allegro/pstxprt.dat 
   Finished reading C:/USERS/MADISON/DESKTOP/MEGAHEATV2-FFFD37A566992C5BFDDE254FE52BC62AC9290F2C/allegro/pstxprt.dat (00:00:00.00)
Starting to read C:/USERS/MADISON/DESKTOP/MEGAHEATV2-FFFD37A566992C5BFDDE254FE52BC62AC9290F2C/allegro/pstxnet.dat 
   Finished reading C:/USERS/MADISON/DESKTOP/MEGAHEATV2-FFFD37A566992C5BFDDE254FE52BC62AC9290F2C/allegro/pstxnet.dat (00:00:00.00)

------ Oversights/Warnings/Errors ------


------ Library Paths ------
MODULEPATH =  . 
           C:/Cadence/SPB_16.6/share/local/pcb/modules 

PSMPATH =  . 
           symbols 
           .. 
           ../symbols 
           C:/Cadence/SPB_16.6/share/local/pcb/symbols 
           C:/Cadence/SPB_16.6/share/pcb/pcb_lib/symbols 
           C:/Cadence/SPB_16.6/share/pcb/allegrolib/symbols 

PADPATH =  . 
           symbols 
           .. 
           ../symbols 
           C:/Cadence/SPB_16.6/share/local/pcb/padstacks 
           C:/Cadence/SPB_16.6/share/pcb/pcb_lib/symbols 
           C:/Cadence/SPB_16.6/share/pcb/allegrolib/symbols 


------ Summary Statistics ------


netrev run on Mar 23 22:48:52 2015
   DESIGN NAME : 'MEGAHEATV2'
   PACKAGING ON Sep 10 2012 04:46:09

   COMPILE 'logic'
   CHECK_PIN_NAMES OFF
   CROSS_REFERENCE OFF
   FEEDBACK OFF
   INCREMENTAL OFF
   INTERFACE_TYPE PHYSICAL
   MAX_ERRORS 500
   MERGE_MINIMUM 5
   NET_NAME_CHARS '#%&()*+-./:=>?@[]^_`|'
   NET_NAME_LENGTH 24
   OVERSIGHTS ON
   REPLACE_CHECK OFF
   SINGLE_NODE_NETS ON
   SPLIT_MINIMUM 0
   SUPPRESS   20
   WARNINGS ON

 No error detected
 No oversight detected
 No warning detected

cpu time      0:01:15
elapsed time  0:00:00

